TN:
SF:src\services\slices\constructor-slice.ts
FN:28,(anonymous_15)
FN:28,(anonymous_16)
FN:39,(anonymous_18)
FN:47,(anonymous_19)
FN:54,(anonymous_20)
FN:56,(anonymous_21)
FN:59,(anonymous_22)
FN:68,(anonymous_23)
FN:77,(anonymous_24)
FN:81,(anonymous_25)
FN:85,(anonymous_26)
FN:87,(anonymous_27)
FN:91,(anonymous_28)
FN:97,(anonymous_29)
FNF:14
FNH:12
FNDA:0,(anonymous_15)
FNDA:0,(anonymous_16)
FNDA:7,(anonymous_18)
FNDA:7,(anonymous_19)
FNDA:1,(anonymous_20)
FNDA:1,(anonymous_21)
FNDA:1,(anonymous_22)
FNDA:1,(anonymous_23)
FNDA:1,(anonymous_24)
FNDA:1,(anonymous_25)
FNDA:2,(anonymous_26)
FNDA:1,(anonymous_27)
FNDA:1,(anonymous_28)
FNDA:1,(anonymous_29)
DA:1,2
DA:7,2
DA:18,2
DA:26,2
DA:28,0
DA:29,0
DA:30,0
DA:34,2
DA:40,7
DA:41,2
DA:42,2
DA:45,5
DA:47,7
DA:55,1
DA:56,1
DA:60,1
DA:61,1
DA:63,1
DA:69,1
DA:70,1
DA:72,1
DA:78,1
DA:79,1
DA:82,1
DA:86,2
DA:88,1
DA:89,1
DA:92,1
DA:93,1
DA:94,1
DA:95,1
DA:98,1
DA:99,1
DA:105,2
DA:113,2
LF:35
LH:32
BRDA:29,0,0,0
BRDA:40,1,0,2
BRDA:61,2,0,0
BRDA:61,3,0,1
BRDA:61,3,1,1
BRDA:70,4,0,0
BRDA:70,5,0,1
BRDA:70,5,1,1
BRDA:99,6,0,1
BRDA:99,6,1,0
BRF:10
BRH:6
end_of_record
TN:
SF:src\services\slices\feed-slice.ts
FN:27,(anonymous_0)
FN:29,(anonymous_1)
FN:33,(anonymous_2)
FN:39,(anonymous_3)
FNF:4
FNH:4
FNDA:2,(anonymous_0)
FNDA:1,(anonymous_1)
FNDA:1,(anonymous_2)
FNDA:1,(anonymous_3)
DA:1,2
DA:2,2
DA:13,2
DA:21,2
DA:23,2
DA:28,2
DA:30,1
DA:31,1
DA:34,1
DA:35,1
DA:36,1
DA:37,1
DA:40,1
DA:41,1
DA:47,2
LF:15
LH:15
BRDA:42,0,0,1
BRDA:42,0,1,0
BRF:2
BRH:1
end_of_record
TN:
SF:src\services\slices\ingredients-slice.ts
FN:26,(anonymous_0)
FN:28,(anonymous_1)
FN:32,(anonymous_2)
FN:36,(anonymous_3)
FNF:4
FNH:4
FNDA:2,(anonymous_0)
FNDA:1,(anonymous_1)
FNDA:1,(anonymous_2)
FNDA:1,(anonymous_3)
DA:1,2
DA:2,2
DA:11,2
DA:17,2
DA:22,2
DA:27,2
DA:29,1
DA:30,1
DA:33,1
DA:34,1
DA:37,1
DA:38,1
DA:44,2
LF:13
LH:13
BRDA:39,0,0,1
BRDA:39,0,1,0
BRF:2
BRH:1
end_of_record
TN:
SF:src\services\slices\order-details-slice.ts
FN:19,(anonymous_13)
FN:19,(anonymous_14)
FN:29,(anonymous_16)
FN:34,(anonymous_17)
FN:36,(anonymous_18)
FN:40,(anonymous_19)
FN:44,(anonymous_20)
FNF:7
FNH:5
FNDA:0,(anonymous_13)
FNDA:0,(anonymous_14)
FNDA:1,(anonymous_16)
FNDA:2,(anonymous_17)
FNDA:1,(anonymous_18)
FNDA:1,(anonymous_19)
FNDA:1,(anonymous_20)
DA:1,2
DA:2,2
DA:11,2
DA:17,2
DA:19,0
DA:20,0
DA:21,0
DA:25,2
DA:30,1
DA:31,1
DA:35,2
DA:37,1
DA:38,1
DA:41,1
DA:42,1
DA:45,1
DA:46,1
DA:51,2
DA:52,2
LF:19
LH:16
BRDA:20,0,0,0
BRDA:21,1,0,0
BRDA:21,1,1,0
BRDA:46,2,0,1
BRDA:46,2,1,0
BRF:5
BRH:1
end_of_record
TN:
SF:src\services\slices\profile-orders-slice.ts
FN:26,(anonymous_0)
FN:28,(anonymous_1)
FN:32,(anonymous_2)
FN:36,(anonymous_3)
FNF:4
FNH:4
FNDA:2,(anonymous_0)
FNDA:1,(anonymous_1)
FNDA:1,(anonymous_2)
FNDA:1,(anonymous_3)
DA:1,2
DA:2,2
DA:11,2
DA:17,2
DA:22,2
DA:27,2
DA:29,1
DA:30,1
DA:33,1
DA:34,1
DA:37,1
DA:38,1
DA:44,2
LF:13
LH:13
BRDA:39,0,0,1
BRDA:39,0,1,0
BRF:2
BRH:1
end_of_record
TN:
SF:src\services\slices\user-slice.ts
FN:49,(anonymous_13)
FN:54,(anonymous_14)
FN:61,(anonymous_17)
FN:61,(anonymous_18)
FN:70,(anonymous_20)
FN:70,(anonymous_21)
FN:79,(anonymous_23)
FN:79,(anonymous_24)
FN:85,(anonymous_26)
FN:95,(anonymous_29)
FN:97,(anonymous_30)
FN:101,(anonymous_31)
FN:106,(anonymous_32)
FN:112,(anonymous_33)
FN:116,(anonymous_34)
FN:121,(anonymous_35)
FN:125,(anonymous_36)
FN:129,(anonymous_37)
FN:134,(anonymous_38)
FN:138,(anonymous_39)
FN:141,(anonymous_40)
FN:144,(anonymous_41)
FN:147,(anonymous_42)
FNF:23
FNH:11
FNDA:0,(anonymous_13)
FNDA:0,(anonymous_14)
FNDA:0,(anonymous_17)
FNDA:0,(anonymous_18)
FNDA:0,(anonymous_20)
FNDA:0,(anonymous_21)
FNDA:0,(anonymous_23)
FNDA:0,(anonymous_24)
FNDA:0,(anonymous_26)
FNDA:2,(anonymous_29)
FNDA:1,(anonymous_30)
FNDA:1,(anonymous_31)
FNDA:1,(anonymous_32)
FNDA:1,(anonymous_33)
FNDA:1,(anonymous_34)
FNDA:0,(anonymous_35)
FNDA:0,(anonymous_36)
FNDA:1,(anonymous_37)
FNDA:1,(anonymous_38)
FNDA:0,(anonymous_39)
FNDA:1,(anonymous_40)
FNDA:1,(anonymous_41)
FNDA:1,(anonymous_42)
DA:1,2
DA:2,2
DA:9,2
DA:39,2
DA:49,2
DA:50,0
DA:51,0
DA:54,2
DA:55,0
DA:56,0
DA:59,2
DA:61,0
DA:62,0
DA:63,0
DA:64,0
DA:68,2
DA:70,0
DA:71,0
DA:72,0
DA:73,0
DA:77,2
DA:79,0
DA:80,0
DA:81,0
DA:85,2
DA:86,0
DA:87,0
DA:88,0
DA:91,2
DA:96,2
DA:98,1
DA:99,1
DA:102,1
DA:103,1
DA:104,1
DA:107,1
DA:108,1
DA:109,1
DA:110,1
DA:113,1
DA:114,1
DA:117,1
DA:118,1
DA:119,1
DA:122,0
DA:123,0
DA:126,0
DA:127,0
DA:130,1
DA:131,1
DA:132,1
DA:135,1
DA:136,1
DA:139,0
DA:142,1
DA:145,1
DA:148,1
DA:153,2
LF:58
LH:35
BRDA:55,0,0,0
BRDA:62,1,0,0
BRDA:71,2,0,0
BRDA:80,3,0,0
BRDA:86,4,0,0
BRDA:110,5,0,1
BRDA:110,5,1,0
BRDA:123,6,0,0
BRDA:123,6,1,0
BRDA:136,7,0,1
BRDA:136,7,1,0
BRDA:145,8,0,1
BRDA:145,8,1,0
BRF:13
BRH:3
end_of_record
